Sun May 25 20:03:30 SGT 2025 : Apache Derby Network Server - 10.14.2.0 - (1828579) started and ready to accept connections on port 1527
----------------------------------------------------------------
Sun May 25 20:03:30 SGT 2025:
Booting Derby version The Apache Software Foundation - Apache Derby - 10.14.2.0 - (1828579): instance a816c00e-0197-0753-9f7f-000006d3f07a 
on database directory C:\Users\Administrator\Documents\NetBeansProjects\LibraryManagementSystem\database\LibrarySystem with class loader jdk.internal.loader.ClassLoaders$AppClassLoader@6bc7c054 
Loaded from file:/D:/db-derby-10.14.2.0-bin/lib/derby.jar
java.vendor=Oracle Corporation
java.runtime.version=21.0.6+8-LTS-188
user.dir=D:\db-derby-10.14.2.0-bin
os.name=Windows 11
os.arch=amd64
os.version=10.0
derby.system.home=C:\Users\Administrator\Documents\NetBeansProjects\LibraryManagementSystem\database
Database Class Loader started - derby.database.classpath=''
----------------------------------------------------------------
Sun May 25 20:03:31 SGT 2025:
Shutting down instance a816c00e-0197-0753-9f7f-000006d3f07a on database directory C:\Users\Administrator\Documents\NetBeansProjects\LibraryManagementSystem\database\LibrarySystem with class loader jdk.internal.loader.ClassLoaders$AppClassLoader@6bc7c054 
Sun May 25 20:03:31 SGT 2025 Thread[#46,DRDAConnThread_3,5,main] (DATABASE = LibrarySystem), (DRDAID = {2}), Database 'LibrarySystem' shutdown.
----------------------------------------------------------------
Sun May 25 20:03:35 SGT 2025:
Booting Derby version The Apache Software Foundation - Apache Derby - 10.14.2.0 - (1828579): instance 6ede40af-0197-0753-9f7f-000006d3f07a 
on database directory C:\Users\Administrator\Documents\NetBeansProjects\LibraryManagementSystem\database\LibrarySystem with class loader jdk.internal.loader.ClassLoaders$AppClassLoader@6bc7c054 
Loaded from file:/D:/db-derby-10.14.2.0-bin/lib/derby.jar
java.vendor=Oracle Corporation
java.runtime.version=21.0.6+8-LTS-188
user.dir=D:\db-derby-10.14.2.0-bin
os.name=Windows 11
os.arch=amd64
os.version=10.0
derby.system.home=C:\Users\Administrator\Documents\NetBeansProjects\LibraryManagementSystem\database
Database Class Loader started - derby.database.classpath=''
----------------------------------------------------------------
Sun May 25 21:46:55 SGT 2025: Shutting down Derby engine
----------------------------------------------------------------
Sun May 25 21:46:55 SGT 2025:
Shutting down instance 6ede40af-0197-0753-9f7f-000006d3f07a on database directory C:\Users\Administrator\Documents\NetBeansProjects\LibraryManagementSystem\database\LibrarySystem with class loader jdk.internal.loader.ClassLoaders$AppClassLoader@6bc7c054 
----------------------------------------------------------------
